<?xml version="1.0" encoding="UTF-8"?>
<!-- Generated by org.testng.reporters.JUnitReportReporter -->
<testsuite hostname="LAPTOP-Q5LA32G8" name="Bdd_api_Framework.API_FRAMEWORK.AppTest" tests="1" failures="0" timestamp="24 Oct 2021 04:37:28 GMT" time="0.003" errors="0">
  <testcase name="shouldAnswerWithTrue" time="0.003" classname="Bdd_api_Framework.API_FRAMEWORK.AppTest"/>
</testsuite> <!-- Bdd_api_Framework.API_FRAMEWORK.AppTest -->
